2016/11/19 17:34:11 [error] [exception.CDbException] exception 'CDbException' with message 'CDbConnection failed to open the DB connection: could not find driver' in /usr/share/nginx/html/fun/framework/db/CDbConnection.php:399
Stack trace:
#0 /usr/share/nginx/html/fun/framework/db/CDbConnection.php(347): CDbConnection->open()
#1 /usr/share/nginx/html/fun/framework/db/CDbConnection.php(325): CDbConnection->setActive(true)
#2 /usr/share/nginx/html/fun/framework/base/CModule.php(394): CDbConnection->init()
#3 /usr/share/nginx/html/fun/framework/cli/commands/MigrateCommand.php(472): CModule->getComponent('db')
#4 /usr/share/nginx/html/fun/framework/cli/commands/MigrateCommand.php(481): MigrateCommand->getDbConnection()
#5 /usr/share/nginx/html/fun/framework/cli/commands/MigrateCommand.php(512): MigrateCommand->getMigrationHistory(-1)
#6 /usr/share/nginx/html/fun/framework/cli/commands/MigrateCommand.php(84): MigrateCommand->getNewMigrations()
#7 [internal function]: MigrateCommand->actionUp(Array)
#8 /usr/share/nginx/html/fun/framework/console/CConsoleCommand.php(172): ReflectionMethod->invokeArgs(Object(MigrateCommand), Array)
#9 /usr/share/nginx/html/fun/framework/console/CConsoleCommandRunner.php(71): CConsoleCommand->run(Array)
#10 /usr/share/nginx/html/fun/framework/console/CConsoleApplication.php(92): CConsoleCommandRunner->run(Array)
#11 /usr/share/nginx/html/fun/framework/base/CApplication.php(185): CConsoleApplication->processRequest()
#12 /usr/share/nginx/html/fun/framework/yiic.php(33): CApplication->run()
#13 /usr/share/nginx/html/fun/protected/yiic.php(7): require_once('/usr/share/ngin...')
#14 /usr/share/nginx/html/fun/protected/yiic(4): require_once('/usr/share/ngin...')
#15 {main}
---
2016/11/19 17:34:37 [error] [system.db.CDbCommand] CDbCommand::fetchAll() failed: SQLSTATE[42S02]: Base table or view not found: 1146 Table 'fun.tbl_migration' doesn't exist. The SQL statement executed was: SHOW FULL COLUMNS FROM `tbl_migration`.
